<?xml version="1.0" encoding="UTF-8"?>
<testsuite xmlns:xsi="http://www.w3.org/2001/XMLSchema-instance" xsi:noNamespaceSchemaLocation="https://maven.apache.org/surefire/maven-surefire-plugin/xsd/surefire-test-report-3.0.xsd" version="3.0" name="com.cos.blog.BlogApplicationTests" time="9.931" tests="1" errors="0" skipped="0" failures="0">
  <properties>
[...]
</properties>
  <testcase name="contextLoads" classname="com.cos.blog.BlogApplicationTests" time="0.823">
    <system-out><![CDATA[08:59:21.042 [main] INFO org.springframework.test.context.support.AnnotationConfigContextLoaderUtils -- Could not detect default configuration classes for test class [com.cos.blog.BlogApplicationTests]: BlogApplicationTests does not declare any static, non-private, non-final, nested classes annotated with @Configuration.
08:59:21.198 [main] INFO org.springframework.boot.test.context.SpringBootTestContextBootstrapper -- Found @SpringBootConfiguration com.cos.blog.BlogApplication for test class com.cos.blog.BlogApplicationTests
08:59:21.474 [main] INFO org.springframework.boot.devtools.restart.RestartApplicationListener -- Restart disabled due to context in which it is running

  .   ____          _            __ _ _
 /\\ / ___'_ __ _ _(_)_ __  __ _ \ \ \ \
( ( )\___ | '_ | '_| | '_ \/ _` | \ \ \ \
 \\/  ___)| |_)| | | | | || (_| |  ) ) ) )
  '  |____| .__|_| |_|_| |_\__, | / / / /
 =========|_|==============|___/=/_/_/_/
 :: Spring Boot ::                (v3.2.4)

2024-06-17T08:59:21.900+09:00  INFO 12912 --- [           main] com.cos.blog.BlogApplicationTests        : Starting BlogApplicationTests using Java 17.0.10 with PID 12912 (started by user in C:\springTool\project\blog)
2024-06-17T08:59:21.901+09:00  INFO 12912 --- [           main] com.cos.blog.BlogApplicationTests        : No active profile set, falling back to 1 default profile: "default"
2024-06-17T08:59:22.991+09:00  INFO 12912 --- [           main] .s.d.r.c.RepositoryConfigurationDelegate : Bootstrapping Spring Data JPA repositories in DEFAULT mode.
2024-06-17T08:59:23.240+09:00  INFO 12912 --- [           main] .s.d.r.c.RepositoryConfigurationDelegate : Finished Spring Data repository scanning in 237 ms. Found 6 JPA repository interfaces.
2024-06-17T08:59:24.013+09:00  INFO 12912 --- [           main] o.hibernate.jpa.internal.util.LogHelper  : HHH000204: Processing PersistenceUnitInfo [name: default]
2024-06-17T08:59:24.108+09:00  INFO 12912 --- [           main] org.hibernate.Version                    : HHH000412: Hibernate ORM core version 6.4.4.Final
2024-06-17T08:59:24.169+09:00  INFO 12912 --- [           main] o.h.c.internal.RegionFactoryInitiator    : HHH000026: Second-level cache disabled
2024-06-17T08:59:24.688+09:00  INFO 12912 --- [           main] o.s.o.j.p.SpringPersistenceUnitInfo      : No LoadTimeWeaver setup: ignoring JPA class transformer
2024-06-17T08:59:24.732+09:00  INFO 12912 --- [           main] com.zaxxer.hikari.HikariDataSource       : HikariPool-1 - Starting...
2024-06-17T08:59:25.140+09:00  INFO 12912 --- [           main] com.zaxxer.hikari.pool.HikariPool        : HikariPool-1 - Added connection com.mysql.cj.jdbc.ConnectionImpl@79c1ccf7
2024-06-17T08:59:25.143+09:00  INFO 12912 --- [           main] com.zaxxer.hikari.HikariDataSource       : HikariPool-1 - Start completed.
2024-06-17T08:59:26.870+09:00  INFO 12912 --- [           main] o.h.e.t.j.p.i.JtaPlatformInitiator       : HHH000489: No JTA platform available (set 'hibernate.transaction.jta.platform' to enable JTA platform integration)
2024-06-17T08:59:26.997+09:00  INFO 12912 --- [           main] j.LocalContainerEntityManagerFactoryBean : Initialized JPA EntityManagerFactory for persistence unit 'default'
2024-06-17T08:59:27.590+09:00  INFO 12912 --- [           main] o.s.d.j.r.query.QueryEnhancerFactory     : Hibernate is in classpath; If applicable, HQL parser will be used.
2024-06-17T08:59:29.076+09:00  INFO 12912 --- [           main] o.s.b.a.w.s.WelcomePageHandlerMapping    : Adding welcome page template: index
2024-06-17T08:59:29.375+09:00  INFO 12912 --- [           main] o.s.s.web.DefaultSecurityFilterChain     : Will secure any request with [org.springframework.security.web.session.DisableEncodeUrlFilter@298eca94, org.springframework.security.web.context.request.async.WebAsyncManagerIntegrationFilter@6a51a39d, org.springframework.security.web.context.SecurityContextHolderFilter@9e96118, org.springframework.security.web.header.HeaderWriterFilter@2ec3b5dd, org.springframework.web.filter.CorsFilter@2acf3108, org.springframework.security.web.authentication.logout.LogoutFilter@75715a14, org.springframework.security.web.authentication.UsernamePasswordAuthenticationFilter@18cdacd, org.springframework.security.web.savedrequest.RequestCacheAwareFilter@7e09bee, org.springframework.security.web.servletapi.SecurityContextHolderAwareRequestFilter@1bb1c6dd, org.springframework.security.web.authentication.AnonymousAuthenticationFilter@62765e11, org.springframework.security.web.access.ExceptionTranslationFilter@5858054c, org.springframework.security.web.access.intercept.AuthorizationFilter@1c8bf01d]
2024-06-17T08:59:29.855+09:00  INFO 12912 --- [           main] com.cos.blog.BlogApplicationTests        : Started BlogApplicationTests in 8.399 seconds (process running for 9.926)
]]></system-out>
  </testcase>
</testsuite>