<?xml version="1.0" encoding="UTF-8"?>
<testsuite xmlns:xsi="http://www.w3.org/2001/XMLSchema-instance" xsi:noNamespaceSchemaLocation="https://maven.apache.org/surefire/maven-surefire-plugin/xsd/surefire-test-report-3.0.xsd" version="3.0" name="com.cos.blog.ReplyObjectTest" time="0.009" tests="1" errors="0" skipped="0" failures="0">
  <properties>
[...]
</properties>
  <testcase name="투스트링테스트" classname="com.cos.blog.ReplyObjectTest" time="0.007">
    <system-out><![CDATA[Reply [id=1, content=안녕, board=null, user=null, createDate=null]
]]></system-out>
  </testcase>
</testsuite>